<?xml version="1.0" encoding="UTF-8"?>
<!-- Generated by org.testng.reporters.JUnitReportReporter -->
<testsuite hostname="Qspiders" failures="0" tests="1" name="Seleniumpractice.ExtentTest" time="8.663" errors="0" timestamp="2024-10-24T17:33:25 IST" skipped="0">
  <testcase classname="Seleniumpractice.ExtentTest" name="testCase" time="8.663"/>
  <system-out/>
</testsuite> <!-- Seleniumpractice.ExtentTest -->
