<?xml version="1.0" encoding="UTF-8"?>
<!-- Generated by org.testng.reporters.JUnitReportReporter -->
<testsuite hostname="Qspiders" failures="0" tests="1" name="Seleniumpractice.Program4Test" time="0.055" errors="0" timestamp="2024-10-14T16:48:51 IST" skipped="0">
  <testcase classname="Seleniumpractice.Program4Test" name="testCase" time="0.055"/>
  <system-out>
    <![CDATA[Test Excecution started
https://demowebshop.tricentis.com/
Demo Web Shop
Test Execution success]]>
  </system-out>
</testsuite> <!-- Seleniumpractice.Program4Test -->
