<?xml version="1.0" encoding="UTF-8"?>
<!-- Generated by org.testng.reporters.JUnitReportReporter -->
<testsuite hostname="Qspiders" failures="0" tests="2" name="Seleniumpractice.Program1Test" time="8.849" errors="0" timestamp="2024-10-10T15:09:04 IST" skipped="0">
  <testcase classname="Seleniumpractice.Program1Test" name="testCase" time="5.534"/>
  <system-out/>
  <testcase classname="Seleniumpractice.Program1Test" name="testCase1" time="3.315"/>
  <system-out/>
</testsuite> <!-- Seleniumpractice.Program1Test -->
