<?xml version="1.0" encoding="UTF-8"?>
<!-- Generated by org.testng.reporters.JUnitReportReporter -->
<testsuite hostname="Qspiders" failures="0" tests="1" name="Seleniumpractice.ActionClassTest" time="0.273" errors="0" timestamp="2024-10-18T15:51:04 IST" skipped="0">
  <testcase classname="Seleniumpractice.ActionClassTest" name="testCase" time="0.273"/>
  <system-out>
    <![CDATA[Test Excecution started
Test Execution success]]>
  </system-out>
</testsuite> <!-- Seleniumpractice.ActionClassTest -->
