<?xml version="1.0" encoding="UTF-8"?>
<!-- Generated by org.testng.reporters.JUnitReportReporter -->
<testsuite hostname="Qspiders" failures="0" tests="1" name="Seleniumpractice.Program5Test" time="0.787" errors="0" timestamp="2024-10-18T17:26:09 IST" skipped="0">
  <testcase classname="Seleniumpractice.Program5Test" name="testCase" time="0.787"/>
  <system-out>
    <![CDATA[Test Excecution started
Test Execution success]]>
  </system-out>
</testsuite> <!-- Seleniumpractice.Program5Test -->
