<?xml version="1.0" encoding="UTF-8"?>
<!-- Generated by org.testng.reporters.JUnitReportReporter -->
<testsuite hostname="Qspiders" failures="0" tests="1" name="Seleniumpractice.ProgramJsTest" time="0.044" errors="0" timestamp="2024-10-17T14:12:04 IST" skipped="0">
  <testcase classname="Seleniumpractice.ProgramJsTest" name="testCase" time="0.044"/>
  <system-out>
    <![CDATA[Test Excecution started
Test Execution success]]>
  </system-out>
</testsuite> <!-- Seleniumpractice.ProgramJsTest -->
